2025-10-03 09:38:03,357 [ERROR] LogOutputStream:75 - [STDERR_REDIRECT] Oct 03, 2025 9:38:03 AM java.util.prefs.FileSystemPreferences checkLockFile0ErrorCode
2025-10-03 09:38:03,358 [ERROR] LogOutputStream:75 - [STDERR_REDIRECT] WARNING: Could not lock System prefs. Unix error code 2.
2025-10-03 09:38:03,358 [ERROR] LogOutputStream:75 - [STDERR_REDIRECT] 
2025-10-03 09:38:03,358 [ERROR] LogOutputStream:75 - [STDERR_REDIRECT] Oct 03, 2025 9:38:03 AM java.util.prefs.FileSystemPreferences syncWorld
2025-10-03 09:38:03,358 [ERROR] LogOutputStream:75 - [STDERR_REDIRECT] WARNING: Couldn't flush system prefs: java.util.prefs.BackingStoreException: Couldn't get file lock.
2025-10-03 09:38:03,358 [ERROR] LogOutputStream:75 - [STDERR_REDIRECT] 
2025-10-03 09:38:33,357 [ERROR] LogOutputStream:75 - [STDERR_REDIRECT] Oct 03, 2025 9:38:33 AM java.util.prefs.FileSystemPreferences checkLockFile0ErrorCode
2025-10-03 09:38:33,357 [ERROR] LogOutputStream:75 - [STDERR_REDIRECT] WARNING: Could not lock System prefs. Unix error code 2.
2025-10-03 09:38:33,357 [ERROR] LogOutputStream:75 - [STDERR_REDIRECT] 
2025-10-03 09:38:33,357 [ERROR] LogOutputStream:75 - [STDERR_REDIRECT] Oct 03, 2025 9:38:33 AM java.util.prefs.FileSystemPreferences syncWorld
2025-10-03 09:38:33,357 [ERROR] LogOutputStream:75 - [STDERR_REDIRECT] WARNING: Couldn't flush system prefs: java.util.prefs.BackingStoreException: Couldn't get file lock.
2025-10-03 09:38:33,357 [ERROR] LogOutputStream:75 - [STDERR_REDIRECT] 
2025-10-03 09:39:03,357 [ERROR] LogOutputStream:75 - [STDERR_REDIRECT] Oct 03, 2025 9:39:03 AM java.util.prefs.FileSystemPreferences checkLockFile0ErrorCode
2025-10-03 09:39:03,357 [ERROR] LogOutputStream:75 - [STDERR_REDIRECT] WARNING: Could not lock System prefs. Unix error code 2.
2025-10-03 09:39:03,357 [ERROR] LogOutputStream:75 - [STDERR_REDIRECT] 
2025-10-03 09:39:03,357 [ERROR] LogOutputStream:75 - [STDERR_REDIRECT] Oct 03, 2025 9:39:03 AM java.util.prefs.FileSystemPreferences syncWorld
2025-10-03 09:39:03,357 [ERROR] LogOutputStream:75 - [STDERR_REDIRECT] WARNING: Couldn't flush system prefs: java.util.prefs.BackingStoreException: Couldn't get file lock.
2025-10-03 09:39:03,357 [ERROR] LogOutputStream:75 - [STDERR_REDIRECT] 
2025-10-03 09:39:33,357 [ERROR] LogOutputStream:75 - [STDERR_REDIRECT] Oct 03, 2025 9:39:33 AM java.util.prefs.FileSystemPreferences checkLockFile0ErrorCode
2025-10-03 09:39:33,357 [ERROR] LogOutputStream:75 - [STDERR_REDIRECT] WARNING: Could not lock System prefs. Unix error code 2.
2025-10-03 09:39:33,357 [ERROR] LogOutputStream:75 - [STDERR_REDIRECT] 
2025-10-03 09:39:33,357 [ERROR] LogOutputStream:75 - [STDERR_REDIRECT] Oct 03, 2025 9:39:33 AM java.util.prefs.FileSystemPreferences syncWorld
2025-10-03 09:39:33,357 [ERROR] LogOutputStream:75 - [STDERR_REDIRECT] WARNING: Couldn't flush system prefs: java.util.prefs.BackingStoreException: Couldn't get file lock.
2025-10-03 09:39:33,357 [ERROR] LogOutputStream:75 - [STDERR_REDIRECT] 
2025-10-03 09:40:03,357 [ERROR] LogOutputStream:75 - [STDERR_REDIRECT] Oct 03, 2025 9:40:03 AM java.util.prefs.FileSystemPreferences checkLockFile0ErrorCode
2025-10-03 09:40:03,357 [ERROR] LogOutputStream:75 - [STDERR_REDIRECT] WARNING: Could not lock System prefs. Unix error code 2.
2025-10-03 09:40:03,357 [ERROR] LogOutputStream:75 - [STDERR_REDIRECT] 
2025-10-03 09:40:03,357 [ERROR] LogOutputStream:75 - [STDERR_REDIRECT] Oct 03, 2025 9:40:03 AM java.util.prefs.FileSystemPreferences syncWorld
2025-10-03 09:40:03,357 [ERROR] LogOutputStream:75 - [STDERR_REDIRECT] WARNING: Couldn't flush system prefs: java.util.prefs.BackingStoreException: Couldn't get file lock.
2025-10-03 09:40:03,357 [ERROR] LogOutputStream:75 - [STDERR_REDIRECT] 
2025-10-03 09:40:33,357 [ERROR] LogOutputStream:75 - [STDERR_REDIRECT] Oct 03, 2025 9:40:33 AM java.util.prefs.FileSystemPreferences checkLockFile0ErrorCode
2025-10-03 09:40:33,357 [ERROR] LogOutputStream:75 - [STDERR_REDIRECT] WARNING: Could not lock System prefs. Unix error code 2.
2025-10-03 09:40:33,357 [ERROR] LogOutputStream:75 - [STDERR_REDIRECT] 
2025-10-03 09:40:33,357 [ERROR] LogOutputStream:75 - [STDERR_REDIRECT] Oct 03, 2025 9:40:33 AM java.util.prefs.FileSystemPreferences syncWorld
2025-10-03 09:40:33,357 [ERROR] LogOutputStream:75 - [STDERR_REDIRECT] WARNING: Couldn't flush system prefs: java.util.prefs.BackingStoreException: Couldn't get file lock.
2025-10-03 09:40:33,357 [ERROR] LogOutputStream:75 - [STDERR_REDIRECT] 
2025-10-03 09:41:03,357 [ERROR] LogOutputStream:75 - [STDERR_REDIRECT] Oct 03, 2025 9:41:03 AM java.util.prefs.FileSystemPreferences checkLockFile0ErrorCode
2025-10-03 09:41:03,357 [ERROR] LogOutputStream:75 - [STDERR_REDIRECT] WARNING: Could not lock System prefs. Unix error code 2.
2025-10-03 09:41:03,357 [ERROR] LogOutputStream:75 - [STDERR_REDIRECT] 
2025-10-03 09:41:03,357 [ERROR] LogOutputStream:75 - [STDERR_REDIRECT] Oct 03, 2025 9:41:03 AM java.util.prefs.FileSystemPreferences syncWorld
2025-10-03 09:41:03,357 [ERROR] LogOutputStream:75 - [STDERR_REDIRECT] WARNING: Couldn't flush system prefs: java.util.prefs.BackingStoreException: Couldn't get file lock.
2025-10-03 09:41:03,357 [ERROR] LogOutputStream:75 - [STDERR_REDIRECT] 
2025-10-03 09:41:33,357 [ERROR] LogOutputStream:75 - [STDERR_REDIRECT] Oct 03, 2025 9:41:33 AM java.util.prefs.FileSystemPreferences checkLockFile0ErrorCode
2025-10-03 09:41:33,357 [ERROR] LogOutputStream:75 - [STDERR_REDIRECT] WARNING: Could not lock System prefs. Unix error code 2.
2025-10-03 09:41:33,357 [ERROR] LogOutputStream:75 - [STDERR_REDIRECT] 
2025-10-03 09:41:33,357 [ERROR] LogOutputStream:75 - [STDERR_REDIRECT] Oct 03, 2025 9:41:33 AM java.util.prefs.FileSystemPreferences syncWorld
2025-10-03 09:41:33,357 [ERROR] LogOutputStream:75 - [STDERR_REDIRECT] WARNING: Couldn't flush system prefs: java.util.prefs.BackingStoreException: Couldn't get file lock.
2025-10-03 09:41:33,357 [ERROR] LogOutputStream:75 - [STDERR_REDIRECT] 
2025-10-03 09:42:03,357 [ERROR] LogOutputStream:75 - [STDERR_REDIRECT] Oct 03, 2025 9:42:03 AM java.util.prefs.FileSystemPreferences checkLockFile0ErrorCode
2025-10-03 09:42:03,357 [ERROR] LogOutputStream:75 - [STDERR_REDIRECT] WARNING: Could not lock System prefs. Unix error code 2.
2025-10-03 09:42:03,357 [ERROR] LogOutputStream:75 - [STDERR_REDIRECT] 
2025-10-03 09:42:03,357 [ERROR] LogOutputStream:75 - [STDERR_REDIRECT] Oct 03, 2025 9:42:03 AM java.util.prefs.FileSystemPreferences syncWorld
2025-10-03 09:42:03,357 [ERROR] LogOutputStream:75 - [STDERR_REDIRECT] WARNING: Couldn't flush system prefs: java.util.prefs.BackingStoreException: Couldn't get file lock.
2025-10-03 09:42:03,357 [ERROR] LogOutputStream:75 - [STDERR_REDIRECT] 
2025-10-03 09:42:33,357 [ERROR] LogOutputStream:75 - [STDERR_REDIRECT] Oct 03, 2025 9:42:33 AM java.util.prefs.FileSystemPreferences checkLockFile0ErrorCode
2025-10-03 09:42:33,357 [ERROR] LogOutputStream:75 - [STDERR_REDIRECT] WARNING: Could not lock System prefs. Unix error code 2.
2025-10-03 09:42:33,357 [ERROR] LogOutputStream:75 - [STDERR_REDIRECT] 
2025-10-03 09:42:33,358 [ERROR] LogOutputStream:75 - [STDERR_REDIRECT] Oct 03, 2025 9:42:33 AM java.util.prefs.FileSystemPreferences syncWorld
2025-10-03 09:42:33,358 [ERROR] LogOutputStream:75 - [STDERR_REDIRECT] WARNING: Couldn't flush system prefs: java.util.prefs.BackingStoreException: Couldn't get file lock.
2025-10-03 09:42:33,358 [ERROR] LogOutputStream:75 - [STDERR_REDIRECT] 
2025-10-03 09:43:03,358 [ERROR] LogOutputStream:75 - [STDERR_REDIRECT] Oct 03, 2025 9:43:03 AM java.util.prefs.FileSystemPreferences checkLockFile0ErrorCode
2025-10-03 09:43:03,358 [ERROR] LogOutputStream:75 - [STDERR_REDIRECT] WARNING: Could not lock System prefs. Unix error code 2.
2025-10-03 09:43:03,358 [ERROR] LogOutputStream:75 - [STDERR_REDIRECT] 
2025-10-03 09:43:03,358 [ERROR] LogOutputStream:75 - [STDERR_REDIRECT] Oct 03, 2025 9:43:03 AM java.util.prefs.FileSystemPreferences syncWorld
2025-10-03 09:43:03,358 [ERROR] LogOutputStream:75 - [STDERR_REDIRECT] WARNING: Couldn't flush system prefs: java.util.prefs.BackingStoreException: Couldn't get file lock.
2025-10-03 09:43:03,358 [ERROR] LogOutputStream:75 - [STDERR_REDIRECT] 
2025-10-03 09:43:33,358 [ERROR] LogOutputStream:75 - [STDERR_REDIRECT] Oct 03, 2025 9:43:33 AM java.util.prefs.FileSystemPreferences checkLockFile0ErrorCode
2025-10-03 09:43:33,358 [ERROR] LogOutputStream:75 - [STDERR_REDIRECT] WARNING: Could not lock System prefs. Unix error code 2.
2025-10-03 09:43:33,358 [ERROR] LogOutputStream:75 - [STDERR_REDIRECT] 
2025-10-03 09:43:33,358 [ERROR] LogOutputStream:75 - [STDERR_REDIRECT] Oct 03, 2025 9:43:33 AM java.util.prefs.FileSystemPreferences syncWorld
2025-10-03 09:43:33,358 [ERROR] LogOutputStream:75 - [STDERR_REDIRECT] WARNING: Couldn't flush system prefs: java.util.prefs.BackingStoreException: Couldn't get file lock.
2025-10-03 09:43:33,358 [ERROR] LogOutputStream:75 - [STDERR_REDIRECT] 
2025-10-03 09:44:03,357 [ERROR] LogOutputStream:75 - [STDERR_REDIRECT] Oct 03, 2025 9:44:03 AM java.util.prefs.FileSystemPreferences checkLockFile0ErrorCode
2025-10-03 09:44:03,358 [ERROR] LogOutputStream:75 - [STDERR_REDIRECT] WARNING: Could not lock System prefs. Unix error code 2.
2025-10-03 09:44:03,358 [ERROR] LogOutputStream:75 - [STDERR_REDIRECT] 
2025-10-03 09:44:03,358 [ERROR] LogOutputStream:75 - [STDERR_REDIRECT] Oct 03, 2025 9:44:03 AM java.util.prefs.FileSystemPreferences syncWorld
2025-10-03 09:44:03,358 [ERROR] LogOutputStream:75 - [STDERR_REDIRECT] WARNING: Couldn't flush system prefs: java.util.prefs.BackingStoreException: Couldn't get file lock.
2025-10-03 09:44:03,358 [ERROR] LogOutputStream:75 - [STDERR_REDIRECT] 
