2025-09-22 10:00:05,184 [ERROR] LogOutputStream:75 - [STDERR_REDIRECT] Sep 22, 2025 10:00:05 AM java.util.prefs.FileSystemPreferences checkLockFile0ErrorCode
2025-09-22 10:00:05,184 [ERROR] LogOutputStream:75 - [STDERR_REDIRECT] WARNING: Could not lock System prefs. Unix error code 2.
2025-09-22 10:00:05,184 [ERROR] LogOutputStream:75 - [STDERR_REDIRECT] 
2025-09-22 10:00:05,184 [ERROR] LogOutputStream:75 - [STDERR_REDIRECT] Sep 22, 2025 10:00:05 AM java.util.prefs.FileSystemPreferences syncWorld
2025-09-22 10:00:05,184 [ERROR] LogOutputStream:75 - [STDERR_REDIRECT] WARNING: Couldn't flush system prefs: java.util.prefs.BackingStoreException: Couldn't get file lock.
2025-09-22 10:00:05,184 [ERROR] LogOutputStream:75 - [STDERR_REDIRECT] 
2025-09-22 10:00:35,184 [ERROR] LogOutputStream:75 - [STDERR_REDIRECT] Sep 22, 2025 10:00:35 AM java.util.prefs.FileSystemPreferences checkLockFile0ErrorCode
2025-09-22 10:00:35,184 [ERROR] LogOutputStream:75 - [STDERR_REDIRECT] WARNING: Could not lock System prefs. Unix error code 2.
2025-09-22 10:00:35,184 [ERROR] LogOutputStream:75 - [STDERR_REDIRECT] 
2025-09-22 10:00:35,184 [ERROR] LogOutputStream:75 - [STDERR_REDIRECT] Sep 22, 2025 10:00:35 AM java.util.prefs.FileSystemPreferences syncWorld
2025-09-22 10:00:35,184 [ERROR] LogOutputStream:75 - [STDERR_REDIRECT] WARNING: Couldn't flush system prefs: java.util.prefs.BackingStoreException: Couldn't get file lock.
2025-09-22 10:00:35,184 [ERROR] LogOutputStream:75 - [STDERR_REDIRECT] 
2025-09-22 10:01:05,183 [ERROR] LogOutputStream:75 - [STDERR_REDIRECT] Sep 22, 2025 10:01:05 AM java.util.prefs.FileSystemPreferences checkLockFile0ErrorCode
2025-09-22 10:01:05,183 [ERROR] LogOutputStream:75 - [STDERR_REDIRECT] WARNING: Could not lock System prefs. Unix error code 2.
2025-09-22 10:01:05,183 [ERROR] LogOutputStream:75 - [STDERR_REDIRECT] 
2025-09-22 10:01:05,183 [ERROR] LogOutputStream:75 - [STDERR_REDIRECT] Sep 22, 2025 10:01:05 AM java.util.prefs.FileSystemPreferences syncWorld
2025-09-22 10:01:05,183 [ERROR] LogOutputStream:75 - [STDERR_REDIRECT] WARNING: Couldn't flush system prefs: java.util.prefs.BackingStoreException: Couldn't get file lock.
2025-09-22 10:01:05,183 [ERROR] LogOutputStream:75 - [STDERR_REDIRECT] 
2025-09-22 10:01:35,183 [ERROR] LogOutputStream:75 - [STDERR_REDIRECT] Sep 22, 2025 10:01:35 AM java.util.prefs.FileSystemPreferences checkLockFile0ErrorCode
2025-09-22 10:01:35,183 [ERROR] LogOutputStream:75 - [STDERR_REDIRECT] WARNING: Could not lock System prefs. Unix error code 2.
2025-09-22 10:01:35,183 [ERROR] LogOutputStream:75 - [STDERR_REDIRECT] 
2025-09-22 10:01:35,183 [ERROR] LogOutputStream:75 - [STDERR_REDIRECT] Sep 22, 2025 10:01:35 AM java.util.prefs.FileSystemPreferences syncWorld
2025-09-22 10:01:35,183 [ERROR] LogOutputStream:75 - [STDERR_REDIRECT] WARNING: Couldn't flush system prefs: java.util.prefs.BackingStoreException: Couldn't get file lock.
2025-09-22 10:01:35,183 [ERROR] LogOutputStream:75 - [STDERR_REDIRECT] 
2025-09-22 10:02:05,187 [ERROR] LogOutputStream:75 - [STDERR_REDIRECT] Sep 22, 2025 10:02:05 AM java.util.prefs.FileSystemPreferences checkLockFile0ErrorCode
2025-09-22 10:02:05,191 [ERROR] LogOutputStream:75 - [STDERR_REDIRECT] WARNING: Could not lock System prefs. Unix error code 2.
2025-09-22 10:02:05,191 [ERROR] LogOutputStream:75 - [STDERR_REDIRECT] 
2025-09-22 10:02:05,191 [ERROR] LogOutputStream:75 - [STDERR_REDIRECT] Sep 22, 2025 10:02:05 AM java.util.prefs.FileSystemPreferences syncWorld
2025-09-22 10:02:05,191 [ERROR] LogOutputStream:75 - [STDERR_REDIRECT] WARNING: Couldn't flush system prefs: java.util.prefs.BackingStoreException: Couldn't get file lock.
2025-09-22 10:02:05,191 [ERROR] LogOutputStream:75 - [STDERR_REDIRECT] 
2025-09-22 10:02:35,184 [ERROR] LogOutputStream:75 - [STDERR_REDIRECT] Sep 22, 2025 10:02:35 AM java.util.prefs.FileSystemPreferences checkLockFile0ErrorCode
2025-09-22 10:02:35,184 [ERROR] LogOutputStream:75 - [STDERR_REDIRECT] WARNING: Could not lock System prefs. Unix error code 2.
2025-09-22 10:02:35,184 [ERROR] LogOutputStream:75 - [STDERR_REDIRECT] 
2025-09-22 10:02:35,184 [ERROR] LogOutputStream:75 - [STDERR_REDIRECT] Sep 22, 2025 10:02:35 AM java.util.prefs.FileSystemPreferences syncWorld
2025-09-22 10:02:35,184 [ERROR] LogOutputStream:75 - [STDERR_REDIRECT] WARNING: Couldn't flush system prefs: java.util.prefs.BackingStoreException: Couldn't get file lock.
2025-09-22 10:02:35,184 [ERROR] LogOutputStream:75 - [STDERR_REDIRECT] 
2025-09-22 10:03:05,184 [ERROR] LogOutputStream:75 - [STDERR_REDIRECT] Sep 22, 2025 10:03:05 AM java.util.prefs.FileSystemPreferences checkLockFile0ErrorCode
2025-09-22 10:03:05,184 [ERROR] LogOutputStream:75 - [STDERR_REDIRECT] WARNING: Could not lock System prefs. Unix error code 2.
2025-09-22 10:03:05,184 [ERROR] LogOutputStream:75 - [STDERR_REDIRECT] 
2025-09-22 10:03:05,184 [ERROR] LogOutputStream:75 - [STDERR_REDIRECT] Sep 22, 2025 10:03:05 AM java.util.prefs.FileSystemPreferences syncWorld
2025-09-22 10:03:05,184 [ERROR] LogOutputStream:75 - [STDERR_REDIRECT] WARNING: Couldn't flush system prefs: java.util.prefs.BackingStoreException: Couldn't get file lock.
2025-09-22 10:03:05,184 [ERROR] LogOutputStream:75 - [STDERR_REDIRECT] 
